<?xml version="1.0" encoding="UTF-8"?>
<!-- Generated by org.testng.reporters.JUnitReportReporter -->
<testsuite skipped="0" hostname="Home" name="com.well.SeleniumFramework.UserdefinedTests.SmokeTest" tests="2" failures="0" timestamp="22 Feb 2018 17:23:33 GMT" time="0.021" errors="0">
  <testcase name="mul" time="0.006" classname="com.well.SeleniumFramework.UserdefinedTests.SmokeTest"/>
  <testcase name="add" time="0.015" classname="com.well.SeleniumFramework.UserdefinedTests.SmokeTest"/>
</testsuite> <!-- com.well.SeleniumFramework.UserdefinedTests.SmokeTest -->
