<?xml version="1.0" encoding="UTF-8"?>
<!-- Generated by org.testng.reporters.JUnitReportReporter -->
<testsuite skipped="0" hostname="Home" name="com.well.SeleniumFramework.UserdefineTests.UserDefinedTest" tests="1" failures="0" timestamp="03 Mar 2018 18:15:34 GMT" time="0.004" errors="0">
  <testcase name="first" time="0.004" classname="com.well.SeleniumFramework.UserdefineTests.UserDefinedTest"/>
</testsuite> <!-- com.well.SeleniumFramework.UserdefineTests.UserDefinedTest -->
